<?xml version="1.0" encoding="UTF-8"?>
<testng-results ignored="0" total="14" passed="14" failed="0" skipped="0">
  <reporter-output>
  </reporter-output>
  <suite started-at="2019-09-27T12:10:05Z" name="Default suite" finished-at="2019-09-27T12:10:35Z" duration-ms="29894">
    <groups>
    </groups>
    <test started-at="2019-09-27T12:10:05Z" name="Default test" finished-at="2019-09-27T12:10:35Z" duration-ms="29894">
      <class name="com.atmecs.testscripts.scenario1.Insights">
        <test-method signature="setup()[pri:1, instance:com.atmecs.testscripts.scenario1.Insights@323b36e0]" started-at="2019-09-27T12:10:05Z" name="setup" finished-at="2019-09-27T12:10:12Z" duration-ms="7345" status="PASS">
          <reporter-output>
          </reporter-output>
        </test-method> <!-- setup -->
        <test-method signature="ClickOnHome()[pri:2, instance:com.atmecs.testscripts.scenario1.Insights@323b36e0]" started-at="2019-09-27T12:10:12Z" name="ClickOnHome" finished-at="2019-09-27T12:10:13Z" duration-ms="603" status="PASS">
          <reporter-output>
          </reporter-output>
        </test-method> <!-- ClickOnHome -->
        <test-method signature="ValidateHomeFooter()[pri:3, instance:com.atmecs.testscripts.scenario1.Insights@323b36e0]" started-at="2019-09-27T12:10:13Z" name="ValidateHomeFooter" finished-at="2019-09-27T12:10:14Z" duration-ms="792" status="PASS">
          <reporter-output>
          </reporter-output>
        </test-method> <!-- ValidateHomeFooter -->
        <test-method signature="ClickOnAboutUs()[pri:4, instance:com.atmecs.testscripts.scenario1.Insights@323b36e0]" started-at="2019-09-27T12:10:14Z" name="ClickOnAboutUs" finished-at="2019-09-27T12:10:23Z" duration-ms="9120" status="PASS">
          <reporter-output>
          </reporter-output>
        </test-method> <!-- ClickOnAboutUs -->
        <test-method signature="ValidateFooterAboutUs()[pri:5, instance:com.atmecs.testscripts.scenario1.Insights@323b36e0]" started-at="2019-09-27T12:10:23Z" name="ValidateFooterAboutUs" finished-at="2019-09-27T12:10:24Z" duration-ms="701" status="PASS">
          <reporter-output>
          </reporter-output>
        </test-method> <!-- ValidateFooterAboutUs -->
        <test-method signature="ClickOnServices()[pri:6, instance:com.atmecs.testscripts.scenario1.Insights@323b36e0]" started-at="2019-09-27T12:10:24Z" name="ClickOnServices" finished-at="2019-09-27T12:10:24Z" duration-ms="428" status="PASS">
          <reporter-output>
          </reporter-output>
        </test-method> <!-- ClickOnServices -->
        <test-method signature="ValidateFooterServices()[pri:7, instance:com.atmecs.testscripts.scenario1.Insights@323b36e0]" started-at="2019-09-27T12:10:24Z" name="ValidateFooterServices" finished-at="2019-09-27T12:10:25Z" duration-ms="725" status="PASS">
          <reporter-output>
          </reporter-output>
        </test-method> <!-- ValidateFooterServices -->
        <test-method signature="ClickOnPartners()[pri:8, instance:com.atmecs.testscripts.scenario1.Insights@323b36e0]" started-at="2019-09-27T12:10:25Z" name="ClickOnPartners" finished-at="2019-09-27T12:10:32Z" duration-ms="7046" status="PASS">
          <reporter-output>
          </reporter-output>
        </test-method> <!-- ClickOnPartners -->
        <test-method signature="ValidateFooterPartners()[pri:9, instance:com.atmecs.testscripts.scenario1.Insights@323b36e0]" started-at="2019-09-27T12:10:32Z" name="ValidateFooterPartners" finished-at="2019-09-27T12:10:32Z" duration-ms="671" status="PASS">
          <reporter-output>
          </reporter-output>
        </test-method> <!-- ValidateFooterPartners -->
        <test-method signature="ClickOnMedia()[pri:10, instance:com.atmecs.testscripts.scenario1.Insights@323b36e0]" started-at="2019-09-27T12:10:32Z" name="ClickOnMedia" finished-at="2019-09-27T12:10:33Z" duration-ms="398" status="PASS">
          <reporter-output>
          </reporter-output>
        </test-method> <!-- ClickOnMedia -->
        <test-method signature="ValidateFooterMedia()[pri:11, instance:com.atmecs.testscripts.scenario1.Insights@323b36e0]" started-at="2019-09-27T12:10:33Z" name="ValidateFooterMedia" finished-at="2019-09-27T12:10:34Z" duration-ms="764" status="PASS">
          <reporter-output>
          </reporter-output>
        </test-method> <!-- ValidateFooterMedia -->
        <test-method signature="ClickOnInsights()[pri:12, instance:com.atmecs.testscripts.scenario1.Insights@323b36e0]" started-at="2019-09-27T12:10:34Z" name="ClickOnInsights" finished-at="2019-09-27T12:10:34Z" duration-ms="391" status="PASS">
          <reporter-output>
          </reporter-output>
        </test-method> <!-- ClickOnInsights -->
        <test-method signature="ValidateFooterInsights()[pri:13, instance:com.atmecs.testscripts.scenario1.Insights@323b36e0]" started-at="2019-09-27T12:10:34Z" name="ValidateFooterInsights" finished-at="2019-09-27T12:10:35Z" duration-ms="849" status="PASS">
          <reporter-output>
          </reporter-output>
        </test-method> <!-- ValidateFooterInsights -->
        <test-method signature="DateDiff()[pri:14, instance:com.atmecs.testscripts.scenario1.Insights@323b36e0]" started-at="2019-09-27T12:10:35Z" name="DateDiff" finished-at="2019-09-27T12:10:35Z" duration-ms="3" status="PASS">
          <reporter-output>
          </reporter-output>
        </test-method> <!-- DateDiff -->
      </class> <!-- com.atmecs.testscripts.scenario1.Insights -->
    </test> <!-- Default test -->
  </suite> <!-- Default suite -->
</testng-results>
