<?xml version="1.0" encoding="UTF-8"?>
<testng-results ignored="0" total="9" passed="9" failed="0" skipped="0">
  <reporter-output>
  </reporter-output>
  <suite started-at="2019-09-27T17:07:02 IST" name="Suite" finished-at="2019-09-27T17:07:23 IST" duration-ms="20456">
    <groups>
    </groups>
    <test started-at="2019-09-27T17:07:02 IST" name="Test" finished-at="2019-09-27T17:07:23 IST" duration-ms="20456">
      <class name="com.atmecs.testscripts.scenario2.InsightBlogs">
        <test-method signature="setup()[pri:1, instance:com.atmecs.testscripts.scenario2.InsightBlogs@2d9d4f9d]" started-at="2019-09-27T17:07:02 IST" name="setup" finished-at="2019-09-27T17:07:08 IST" duration-ms="5107" status="PASS">
          <reporter-output>
          </reporter-output>
        </test-method> <!-- setup -->
        <test-method signature="ClickOnInsights()[pri:2, instance:com.atmecs.testscripts.scenario2.InsightBlogs@2d9d4f9d]" started-at="2019-09-27T17:07:08 IST" name="ClickOnInsights" finished-at="2019-09-27T17:07:08 IST" duration-ms="735" status="PASS">
          <reporter-output>
          </reporter-output>
        </test-method> <!-- ClickOnInsights -->
        <test-method signature="ClickOnBlogs()[pri:3, instance:com.atmecs.testscripts.scenario2.InsightBlogs@2d9d4f9d]" started-at="2019-09-27T17:07:08 IST" name="ClickOnBlogs" finished-at="2019-09-27T17:07:09 IST" duration-ms="615" status="PASS">
          <reporter-output>
          </reporter-output>
        </test-method> <!-- ClickOnBlogs -->
        <test-method signature="ClickBlogImageLink()[pri:4, instance:com.atmecs.testscripts.scenario2.InsightBlogs@2d9d4f9d]" started-at="2019-09-27T17:07:09 IST" name="ClickBlogImageLink" finished-at="2019-09-27T17:07:21 IST" duration-ms="12039" status="PASS">
          <reporter-output>
          </reporter-output>
        </test-method> <!-- ClickBlogImageLink -->
        <test-method signature="ValidateBreadcrumb()[pri:5, instance:com.atmecs.testscripts.scenario2.InsightBlogs@2d9d4f9d]" started-at="2019-09-27T17:07:21 IST" name="ValidateBreadcrumb" finished-at="2019-09-27T17:07:21 IST" duration-ms="373" status="PASS">
          <reporter-output>
          </reporter-output>
        </test-method> <!-- ValidateBreadcrumb -->
        <test-method signature="ValidateDate()[pri:6, instance:com.atmecs.testscripts.scenario2.InsightBlogs@2d9d4f9d]" started-at="2019-09-27T17:07:21 IST" name="ValidateDate" finished-at="2019-09-27T17:07:22 IST" duration-ms="178" status="PASS">
          <reporter-output>
          </reporter-output>
        </test-method> <!-- ValidateDate -->
        <test-method signature="ValidateContent()[pri:7, instance:com.atmecs.testscripts.scenario2.InsightBlogs@2d9d4f9d]" started-at="2019-09-27T17:07:22 IST" name="ValidateContent" finished-at="2019-09-27T17:07:22 IST" duration-ms="161" status="PASS">
          <reporter-output>
          </reporter-output>
        </test-method> <!-- ValidateContent -->
        <test-method signature="CLickOnPostComment()[pri:8, instance:com.atmecs.testscripts.scenario2.InsightBlogs@2d9d4f9d]" started-at="2019-09-27T17:07:22 IST" name="CLickOnPostComment" finished-at="2019-09-27T17:07:23 IST" duration-ms="1013" status="PASS">
          <reporter-output>
          </reporter-output>
        </test-method> <!-- CLickOnPostComment -->
        <test-method signature="ValidateErrorMessage()[pri:9, instance:com.atmecs.testscripts.scenario2.InsightBlogs@2d9d4f9d]" started-at="2019-09-27T17:07:23 IST" name="ValidateErrorMessage" finished-at="2019-09-27T17:07:23 IST" duration-ms="177" status="PASS">
          <reporter-output>
          </reporter-output>
        </test-method> <!-- ValidateErrorMessage -->
      </class> <!-- com.atmecs.testscripts.scenario2.InsightBlogs -->
    </test> <!-- Test -->
  </suite> <!-- Suite -->
</testng-results>
