<?xml version="1.0" encoding="UTF-8"?>
<!-- Generated by org.testng.reporters.JUnitXMLReporter -->
<testsuite ignored="0" hostname="ATMECSINDT-080" failures="0" tests="14" name="Default test" time="29.894" errors="0" timestamp="27 Sep 2019 12:10:35 GMT">
  <testcase classname="com.org.atmecs.testbase.InvokeBrowser" name="setup" time="7.345"/>
  <testcase classname="com.atmecs.testscripts.scenario1.Home" name="ClickOnHome" time="0.603"/>
  <testcase classname="com.atmecs.testscripts.scenario1.Home" name="ValidateHomeFooter" time="0.792"/>
  <testcase classname="com.atmecs.testscripts.scenario1.AboutUs" name="ClickOnAboutUs" time="9.12"/>
  <testcase classname="com.atmecs.testscripts.scenario1.AboutUs" name="ValidateFooterAboutUs" time="0.701"/>
  <testcase classname="com.atmecs.testscripts.scenario1.Services" name="ClickOnServices" time="0.428"/>
  <testcase classname="com.atmecs.testscripts.scenario1.Services" name="ValidateFooterServices" time="0.725"/>
  <testcase classname="com.atmecs.testscripts.scenario1.Partners" name="ClickOnPartners" time="7.046"/>
  <testcase classname="com.atmecs.testscripts.scenario1.Partners" name="ValidateFooterPartners" time="0.671"/>
  <testcase classname="com.atmecs.testscripts.scenario1.Media" name="ClickOnMedia" time="0.398"/>
  <testcase classname="com.atmecs.testscripts.scenario1.Media" name="ValidateFooterMedia" time="0.764"/>
  <testcase classname="com.atmecs.testscripts.scenario1.Insights" name="ClickOnInsights" time="0.391"/>
  <testcase classname="com.atmecs.testscripts.scenario1.Insights" name="ValidateFooterInsights" time="0.849"/>
  <testcase classname="com.atmecs.testscripts.scenario1.Insights" name="DateDiff" time="0.003"/>
</testsuite> <!-- Default test -->
